app/build/intermediates/manifest_merge_blame_file/debug/processDebugMainManifest/manifest-merger-blame-debug-report.txt
1<?xml version="1.0" encoding="utf-8"?>
2<manifest xmlns:android="http://schemas.android.com/apk/res/android"
3    package="com.woodpeckerbros.watchreminder"
4    android:versionCode="1"
5    android:versionName="1.0" >
6
7    <uses-sdk
7-->INJECTED
8        android:minSdkVersion="30"
8-->INJECTED
9        android:targetSdkVersion="34" />
9-->INJECTED
10
11    <uses-feature
11-->src/main/AndroidManifest.xml:2:5-88
12        android:name="android.hardware.type.watch"
12-->src/main/AndroidManifest.xml:2:19-61
13        android:required="true" />
13-->src/main/AndroidManifest.xml:2:62-85
14
15    <uses-permission android:name="android.permission.POST_NOTIFICATIONS" />
15-->src/main/AndroidManifest.xml:4:5-77
15-->src/main/AndroidManifest.xml:4:22-74
16    <uses-permission
16-->src/main/AndroidManifest.xml:5:5-7:38
17        android:name="android.permission.SCHEDULE_EXACT_ALARM"
17-->src/main/AndroidManifest.xml:6:9-63
18        android:maxSdkVersion="32" />
18-->src/main/AndroidManifest.xml:7:9-35
19    <uses-permission android:name="android.permission.USE_EXACT_ALARM" />
19-->src/main/AndroidManifest.xml:8:5-74
19-->src/main/AndroidManifest.xml:8:22-71
20    <uses-permission android:name="android.permission.USE_FULL_SCREEN_INTENT" />
20-->src/main/AndroidManifest.xml:9:5-81
20-->src/main/AndroidManifest.xml:9:22-78
21    <uses-permission android:name="android.permission.FOREGROUND_SERVICE" />
21-->src/main/AndroidManifest.xml:10:5-77
21-->src/main/AndroidManifest.xml:10:22-74
22    <uses-permission android:name="android.permission.FOREGROUND_SERVICE_SPECIAL_USE" />
22-->src/main/AndroidManifest.xml:11:5-89
22-->src/main/AndroidManifest.xml:11:22-86
23    <uses-permission android:name="android.permission.VIBRATE" />
23-->src/main/AndroidManifest.xml:12:5-66
23-->src/main/AndroidManifest.xml:12:22-63
24    <uses-permission android:name="android.permission.RECEIVE_BOOT_COMPLETED" />
24-->src/main/AndroidManifest.xml:13:5-81
24-->src/main/AndroidManifest.xml:13:22-78
25    <uses-permission android:name="android.permission.BODY_SENSORS" />
25-->src/main/AndroidManifest.xml:14:5-71
25-->src/main/AndroidManifest.xml:14:22-68
26    <uses-permission android:name="android.permission.ACCESS_COARSE_LOCATION" />
26-->src/main/AndroidManifest.xml:15:5-81
26-->src/main/AndroidManifest.xml:15:22-78
27    <uses-permission android:name="android.permission.ACCESS_FINE_LOCATION" />
27-->src/main/AndroidManifest.xml:16:5-79
27-->src/main/AndroidManifest.xml:16:22-76
28    <uses-permission android:name="android.permission.ACTIVITY_RECOGNITION" />
28-->src/main/AndroidManifest.xml:17:5-79
28-->src/main/AndroidManifest.xml:17:22-76
29
30    <queries>
30-->[androidx.health:health-services-client:1.1.0-rc01] AndroidManifest.xml:19:5-21:15
31        <package android:name="com.google.android.wearable.healthservices" />
31-->[androidx.health:health-services-client:1.1.0-rc01] AndroidManifest.xml:20:9-78
31-->[androidx.health:health-services-client:1.1.0-rc01] AndroidManifest.xml:20:18-75
32    </queries>
33
34    <permission
34-->[androidx.core:core:1.13.1] AndroidManifest.xml:22:5-24:47
35        android:name="com.woodpeckerbros.watchreminder.DYNAMIC_RECEIVER_NOT_EXPORTED_PERMISSION"
35-->[androidx.core:core:1.13.1] AndroidManifest.xml:23:9-81
36        android:protectionLevel="signature" />
36-->[androidx.core:core:1.13.1] AndroidManifest.xml:24:9-44
37
38    <uses-permission android:name="com.woodpeckerbros.watchreminder.DYNAMIC_RECEIVER_NOT_EXPORTED_PERMISSION" />
38-->[androidx.core:core:1.13.1] AndroidManifest.xml:26:5-97
38-->[androidx.core:core:1.13.1] AndroidManifest.xml:26:22-94
39
40    <application
40-->src/main/AndroidManifest.xml:19:5-211:19
41        android:allowBackup="true"
41-->src/main/AndroidManifest.xml:20:9-35
42        android:appComponentFactory="androidx.core.app.CoreComponentFactory"
42-->[androidx.core:core:1.13.1] AndroidManifest.xml:28:18-86
43        android:debuggable="true"
44        android:extractNativeLibs="false"
44-->INJECTED
45        android:icon="@drawable/ic_launcher"
45-->src/main/AndroidManifest.xml:21:9-45
46        android:label="@string/app_name"
46-->src/main/AndroidManifest.xml:22:9-41
47        android:supportsRtl="true"
47-->src/main/AndroidManifest.xml:23:9-35
48        android:theme="@style/AppTheme" >
48-->src/main/AndroidManifest.xml:24:9-40
49        <uses-library
49-->src/main/AndroidManifest.xml:26:9-28:40
50            android:name="com.google.android.wearable"
50-->src/main/AndroidManifest.xml:27:13-55
51            android:required="false" />
51-->src/main/AndroidManifest.xml:28:13-37
52
53        <meta-data
53-->src/main/AndroidManifest.xml:30:9-32:36
54            android:name="com.google.android.wearable.standalone"
54-->src/main/AndroidManifest.xml:31:13-66
55            android:value="true" />
55-->src/main/AndroidManifest.xml:32:13-33
56
57        <service
57-->src/main/AndroidManifest.xml:34:9-41:19
58            android:name="com.woodpeckerbros.watchreminder.ReminderForegroundService"
58-->src/main/AndroidManifest.xml:35:13-54
59            android:exported="false"
59-->src/main/AndroidManifest.xml:36:13-37
60            android:foregroundServiceType="specialUse" >
60-->src/main/AndroidManifest.xml:37:13-55
61            <property
61-->src/main/AndroidManifest.xml:38:13-40:183
62                android:name="android.app.PROPERTY_SPECIAL_USE_FGS_SUBTYPE"
62-->src/main/AndroidManifest.xml:39:17-76
63                android:value="Keeps user-created reminder alarms reliable on Wear OS by periodically checking and dispatching due reminders when exact alarm delivery is delayed." />
63-->src/main/AndroidManifest.xml:40:17-180
64        </service>
65        <service
65-->src/main/AndroidManifest.xml:43:9-50:19
66            android:name="com.woodpeckerbros.watchreminder.DeferredWearStateService"
66-->src/main/AndroidManifest.xml:44:13-53
67            android:exported="false"
67-->src/main/AndroidManifest.xml:45:13-37
68            android:foregroundServiceType="specialUse" >
68-->src/main/AndroidManifest.xml:46:13-55
69            <property
69-->src/main/AndroidManifest.xml:38:13-40:183
70                android:name="android.app.PROPERTY_SPECIAL_USE_FGS_SUBTYPE"
70-->src/main/AndroidManifest.xml:39:17-76
71                android:value="Temporarily monitors Wear OS on-body state so deferred reminder alerts can be delivered when the watch is worn again." />
71-->src/main/AndroidManifest.xml:40:17-180
72        </service>
73        <service
73-->src/main/AndroidManifest.xml:52:9-55:111
74            android:name="com.woodpeckerbros.watchreminder.ReminderHealthPassiveService"
74-->src/main/AndroidManifest.xml:53:13-57
75            android:exported="true"
75-->src/main/AndroidManifest.xml:54:13-36
76            android:permission="com.google.android.wearable.healthservices.permission.PASSIVE_DATA_BINDING" />
76-->src/main/AndroidManifest.xml:55:13-108
77        <service
77-->src/main/AndroidManifest.xml:57:9-67:19
78            android:name="com.woodpeckerbros.watchreminder.RestoreFromPhoneService"
78-->src/main/AndroidManifest.xml:58:13-52
79            android:exported="true" >
79-->src/main/AndroidManifest.xml:59:13-36
80            <intent-filter>
80-->src/main/AndroidManifest.xml:60:13-66:29
81                <action android:name="com.google.android.gms.wearable.MESSAGE_RECEIVED" />
81-->src/main/AndroidManifest.xml:61:17-91
81-->src/main/AndroidManifest.xml:61:25-88
82
83                <data
83-->src/main/AndroidManifest.xml:62:17-65:45
84                    android:host="*"
84-->src/main/AndroidManifest.xml:63:21-37
85                    android:pathPrefix="/watch_reminder_"
85-->src/main/AndroidManifest.xml:64:21-58
86                    android:scheme="wear" />
86-->src/main/AndroidManifest.xml:65:21-42
87            </intent-filter>
88        </service>
89        <service
89-->src/main/AndroidManifest.xml:69:9-85:19
90            android:name="com.woodpeckerbros.watchreminder.NextReminderComplicationService"
90-->src/main/AndroidManifest.xml:70:13-60
91            android:directBootAware="true"
91-->src/main/AndroidManifest.xml:71:13-43
92            android:exported="true"
92-->src/main/AndroidManifest.xml:72:13-36
93            android:icon="@drawable/ic_notification"
93-->src/main/AndroidManifest.xml:73:13-53
94            android:label="@string/complication_next_reminder"
94-->src/main/AndroidManifest.xml:74:13-63
95            android:permission="com.google.android.wearable.permission.BIND_COMPLICATION_PROVIDER" >
95-->src/main/AndroidManifest.xml:75:13-99
96            <intent-filter>
96-->src/main/AndroidManifest.xml:76:13-78:29
97                <action android:name="android.support.wearable.complications.ACTION_COMPLICATION_UPDATE_REQUEST" />
97-->src/main/AndroidManifest.xml:77:17-116
97-->src/main/AndroidManifest.xml:77:25-113
98            </intent-filter>
99
100            <meta-data
100-->src/main/AndroidManifest.xml:79:13-81:68
101                android:name="android.support.wearable.complications.SUPPORTED_TYPES"
101-->src/main/AndroidManifest.xml:80:17-86
102                android:value="SHORT_TEXT,LONG_TEXT,SMALL_IMAGE" />
102-->src/main/AndroidManifest.xml:81:17-65
103            <meta-data
103-->src/main/AndroidManifest.xml:82:13-84:39
104                android:name="android.support.wearable.complications.UPDATE_PERIOD_SECONDS"
104-->src/main/AndroidManifest.xml:83:17-92
105                android:value="300" />
105-->src/main/AndroidManifest.xml:84:17-36
106        </service>
107        <service
107-->src/main/AndroidManifest.xml:87:9-103:19
108            android:name="com.woodpeckerbros.watchreminder.BlessingReminderComplicationService"
108-->src/main/AndroidManifest.xml:88:13-64
109            android:directBootAware="true"
109-->src/main/AndroidManifest.xml:89:13-43
110            android:exported="true"
110-->src/main/AndroidManifest.xml:90:13-36
111            android:icon="@drawable/ic_notification"
111-->src/main/AndroidManifest.xml:91:13-53
112            android:label="@string/complication_blessing_reminder"
112-->src/main/AndroidManifest.xml:92:13-67
113            android:permission="com.google.android.wearable.permission.BIND_COMPLICATION_PROVIDER" >
113-->src/main/AndroidManifest.xml:93:13-99
114            <intent-filter>
114-->src/main/AndroidManifest.xml:76:13-78:29
115                <action android:name="android.support.wearable.complications.ACTION_COMPLICATION_UPDATE_REQUEST" />
115-->src/main/AndroidManifest.xml:77:17-116
115-->src/main/AndroidManifest.xml:77:25-113
116            </intent-filter>
117
118            <meta-data
118-->src/main/AndroidManifest.xml:79:13-81:68
119                android:name="android.support.wearable.complications.SUPPORTED_TYPES"
119-->src/main/AndroidManifest.xml:80:17-86
120                android:value="SHORT_TEXT,LONG_TEXT" />
120-->src/main/AndroidManifest.xml:81:17-65
121            <meta-data
121-->src/main/AndroidManifest.xml:82:13-84:39
122                android:name="android.support.wearable.complications.UPDATE_PERIOD_SECONDS"
122-->src/main/AndroidManifest.xml:83:17-92
123                android:value="0" />
123-->src/main/AndroidManifest.xml:84:17-36
124        </service>
125        <service
125-->src/main/AndroidManifest.xml:105:9-121:19
126            android:name="com.woodpeckerbros.watchreminder.ZmanimComplicationService"
126-->src/main/AndroidManifest.xml:106:13-54
127            android:directBootAware="true"
127-->src/main/AndroidManifest.xml:107:13-43
128            android:exported="true"
128-->src/main/AndroidManifest.xml:108:13-36
129            android:icon="@drawable/ic_complication_clock"
129-->src/main/AndroidManifest.xml:109:13-59
130            android:label="@string/complication_zmanim"
130-->src/main/AndroidManifest.xml:110:13-56
131            android:permission="com.google.android.wearable.permission.BIND_COMPLICATION_PROVIDER" >
131-->src/main/AndroidManifest.xml:111:13-99
132            <intent-filter>
132-->src/main/AndroidManifest.xml:76:13-78:29
133                <action android:name="android.support.wearable.complications.ACTION_COMPLICATION_UPDATE_REQUEST" />
133-->src/main/AndroidManifest.xml:77:17-116
133-->src/main/AndroidManifest.xml:77:25-113
134            </intent-filter>
135
136            <meta-data
136-->src/main/AndroidManifest.xml:79:13-81:68
137                android:name="android.support.wearable.complications.SUPPORTED_TYPES"
137-->src/main/AndroidManifest.xml:80:17-86
138                android:value="SHORT_TEXT,LONG_TEXT" />
138-->src/main/AndroidManifest.xml:81:17-65
139            <meta-data
139-->src/main/AndroidManifest.xml:82:13-84:39
140                android:name="android.support.wearable.complications.UPDATE_PERIOD_SECONDS"
140-->src/main/AndroidManifest.xml:83:17-92
141                android:value="3600" />
141-->src/main/AndroidManifest.xml:84:17-36
142        </service>
143        <service
143-->src/main/AndroidManifest.xml:123:9-139:19
144            android:name="com.woodpeckerbros.watchreminder.HebrewDateComplicationService"
144-->src/main/AndroidManifest.xml:124:13-58
145            android:directBootAware="true"
145-->src/main/AndroidManifest.xml:125:13-43
146            android:exported="true"
146-->src/main/AndroidManifest.xml:126:13-36
147            android:icon="@drawable/ic_complication_clock"
147-->src/main/AndroidManifest.xml:127:13-59
148            android:label="@string/complication_hebrew_date"
148-->src/main/AndroidManifest.xml:128:13-61
149            android:permission="com.google.android.wearable.permission.BIND_COMPLICATION_PROVIDER" >
149-->src/main/AndroidManifest.xml:129:13-99
150            <intent-filter>
150-->src/main/AndroidManifest.xml:76:13-78:29
151                <action android:name="android.support.wearable.complications.ACTION_COMPLICATION_UPDATE_REQUEST" />
151-->src/main/AndroidManifest.xml:77:17-116
151-->src/main/AndroidManifest.xml:77:25-113
152            </intent-filter>
153
154            <meta-data
154-->src/main/AndroidManifest.xml:79:13-81:68
155                android:name="android.support.wearable.complications.SUPPORTED_TYPES"
155-->src/main/AndroidManifest.xml:80:17-86
156                android:value="SHORT_TEXT,LONG_TEXT" />
156-->src/main/AndroidManifest.xml:81:17-65
157            <meta-data
157-->src/main/AndroidManifest.xml:82:13-84:39
158                android:name="android.support.wearable.complications.UPDATE_PERIOD_SECONDS"
158-->src/main/AndroidManifest.xml:83:17-92
159                android:value="0" />
159-->src/main/AndroidManifest.xml:84:17-36
160        </service>
161
162        <activity
162-->src/main/AndroidManifest.xml:141:9-146:47
163            android:name="com.woodpeckerbros.watchreminder.ReminderAlertActivity"
163-->src/main/AndroidManifest.xml:142:13-50
164            android:excludeFromRecents="true"
164-->src/main/AndroidManifest.xml:143:13-46
165            android:exported="false"
165-->src/main/AndroidManifest.xml:144:13-37
166            android:showWhenLocked="true"
166-->src/main/AndroidManifest.xml:145:13-42
167            android:theme="@style/AppTheme" />
167-->src/main/AndroidManifest.xml:146:13-44
168        <activity
168-->src/main/AndroidManifest.xml:148:9-153:47
169            android:name="com.woodpeckerbros.watchreminder.DafYomiAlertActivity"
169-->src/main/AndroidManifest.xml:149:13-49
170            android:excludeFromRecents="true"
170-->src/main/AndroidManifest.xml:150:13-46
171            android:exported="false"
171-->src/main/AndroidManifest.xml:151:13-37
172            android:showWhenLocked="true"
172-->src/main/AndroidManifest.xml:152:13-42
173            android:theme="@style/AppTheme" />
173-->src/main/AndroidManifest.xml:153:13-44
174        <activity
174-->src/main/AndroidManifest.xml:155:9-160:47
175            android:name="com.woodpeckerbros.watchreminder.OmerAlertActivity"
175-->src/main/AndroidManifest.xml:156:13-46
176            android:excludeFromRecents="true"
176-->src/main/AndroidManifest.xml:157:13-46
177            android:exported="false"
177-->src/main/AndroidManifest.xml:158:13-37
178            android:showWhenLocked="true"
178-->src/main/AndroidManifest.xml:159:13-42
179            android:theme="@style/AppTheme" />
179-->src/main/AndroidManifest.xml:160:13-44
180        <activity
180-->src/main/AndroidManifest.xml:162:9-170:20
181            android:name="com.woodpeckerbros.watchreminder.MainActivity"
181-->src/main/AndroidManifest.xml:163:13-41
182            android:exported="true"
182-->src/main/AndroidManifest.xml:164:13-36
183            android:theme="@style/AppThemeNoSwipeDismiss" >
183-->src/main/AndroidManifest.xml:165:13-58
184            <intent-filter>
184-->src/main/AndroidManifest.xml:166:13-169:29
185                <action android:name="android.intent.action.MAIN" />
185-->src/main/AndroidManifest.xml:167:17-69
185-->src/main/AndroidManifest.xml:167:25-66
186
187                <category android:name="android.intent.category.LAUNCHER" />
187-->src/main/AndroidManifest.xml:168:17-77
187-->src/main/AndroidManifest.xml:168:27-74
188            </intent-filter>
189        </activity>
190
191        <receiver
191-->src/main/AndroidManifest.xml:172:9-174:40
192            android:name="com.woodpeckerbros.watchreminder.ReminderReceiver"
192-->src/main/AndroidManifest.xml:173:13-45
193            android:exported="false" />
193-->src/main/AndroidManifest.xml:174:13-37
194        <receiver
194-->src/main/AndroidManifest.xml:176:9-178:40
195            android:name="com.woodpeckerbros.watchreminder.AutoSnoozeReceiver"
195-->src/main/AndroidManifest.xml:177:13-47
196            android:exported="false" />
196-->src/main/AndroidManifest.xml:178:13-37
197        <receiver
197-->src/main/AndroidManifest.xml:180:9-182:40
198            android:name="com.woodpeckerbros.watchreminder.DafYomiReceiver"
198-->src/main/AndroidManifest.xml:181:13-44
199            android:exported="false" />
199-->src/main/AndroidManifest.xml:182:13-37
200        <receiver
200-->src/main/AndroidManifest.xml:184:9-186:40
201            android:name="com.woodpeckerbros.watchreminder.OmerReceiver"
201-->src/main/AndroidManifest.xml:185:13-41
202            android:exported="false" />
202-->src/main/AndroidManifest.xml:186:13-37
203        <receiver
203-->src/main/AndroidManifest.xml:188:9-190:40
204            android:name="com.woodpeckerbros.watchreminder.MoonBlessingReceiver"
204-->src/main/AndroidManifest.xml:189:13-49
205            android:exported="false" />
205-->src/main/AndroidManifest.xml:190:13-37
206        <receiver
206-->src/main/AndroidManifest.xml:192:9-194:40
207            android:name="com.woodpeckerbros.watchreminder.JewishDayReceiver"
207-->src/main/AndroidManifest.xml:193:13-46
208            android:exported="false" />
208-->src/main/AndroidManifest.xml:194:13-37
209        <receiver
209-->src/main/AndroidManifest.xml:196:9-198:40
210            android:name="com.woodpeckerbros.watchreminder.WatchdogReceiver"
210-->src/main/AndroidManifest.xml:197:13-45
211            android:exported="false" />
211-->src/main/AndroidManifest.xml:198:13-37
212        <receiver
212-->src/main/AndroidManifest.xml:200:9-210:20
213            android:name="com.woodpeckerbros.watchreminder.BootReceiver"
213-->src/main/AndroidManifest.xml:201:13-41
214            android:exported="false" >
214-->src/main/AndroidManifest.xml:202:13-37
215            <intent-filter>
215-->src/main/AndroidManifest.xml:203:13-209:29
216                <action android:name="android.intent.action.BOOT_COMPLETED" />
216-->src/main/AndroidManifest.xml:204:17-79
216-->src/main/AndroidManifest.xml:204:25-76
217                <action android:name="android.intent.action.MY_PACKAGE_REPLACED" />
217-->src/main/AndroidManifest.xml:205:17-84
217-->src/main/AndroidManifest.xml:205:25-81
218                <action android:name="android.intent.action.TIME_SET" />
218-->src/main/AndroidManifest.xml:206:17-73
218-->src/main/AndroidManifest.xml:206:25-70
219                <action android:name="android.intent.action.TIMEZONE_CHANGED" />
219-->src/main/AndroidManifest.xml:207:17-81
219-->src/main/AndroidManifest.xml:207:25-78
220                <action android:name="android.app.action.SCHEDULE_EXACT_ALARM_PERMISSION_STATE_CHANGED" />
220-->src/main/AndroidManifest.xml:208:17-107
220-->src/main/AndroidManifest.xml:208:25-104
221            </intent-filter>
222        </receiver>
223
224        <service
224-->[androidx.health:health-services-client:1.1.0-rc01] AndroidManifest.xml:24:9-31:19
225            android:name="androidx.health.services.client.VersionApiService"
225-->[androidx.health:health-services-client:1.1.0-rc01] AndroidManifest.xml:25:13-77
226            android:exported="true"
226-->[androidx.health:health-services-client:1.1.0-rc01] AndroidManifest.xml:26:13-36
227            android:permission="com.google.android.wearable.healthservices.permission.PASSIVE_DATA_BINDING" >
227-->[androidx.health:health-services-client:1.1.0-rc01] AndroidManifest.xml:27:13-108
228            <intent-filter>
228-->[androidx.health:health-services-client:1.1.0-rc01] AndroidManifest.xml:28:13-30:29
229                <action android:name="hs.versionclient.BIND" />
229-->[androidx.health:health-services-client:1.1.0-rc01] AndroidManifest.xml:29:17-64
229-->[androidx.health:health-services-client:1.1.0-rc01] AndroidManifest.xml:29:25-61
230            </intent-filter>
231        </service>
232
233        <activity
233-->[com.google.android.gms:play-services-base:18.0.1] AndroidManifest.xml:20:9-22:45
234            android:name="com.google.android.gms.common.api.GoogleApiActivity"
234-->[com.google.android.gms:play-services-base:18.0.1] AndroidManifest.xml:20:19-85
235            android:exported="false"
235-->[com.google.android.gms:play-services-base:18.0.1] AndroidManifest.xml:22:19-43
236            android:theme="@android:style/Theme.Translucent.NoTitleBar" />
236-->[com.google.android.gms:play-services-base:18.0.1] AndroidManifest.xml:21:19-78
237
238        <meta-data
238-->[com.google.android.gms:play-services-basement:18.0.0] AndroidManifest.xml:21:9-23:69
239            android:name="com.google.android.gms.version"
239-->[com.google.android.gms:play-services-basement:18.0.0] AndroidManifest.xml:22:13-58
240            android:value="@integer/google_play_services_version" />
240-->[com.google.android.gms:play-services-basement:18.0.0] AndroidManifest.xml:23:13-66
241
242        <provider
242-->[androidx.profileinstaller:profileinstaller:1.3.0] AndroidManifest.xml:24:9-32:20
243            android:name="androidx.startup.InitializationProvider"
243-->[androidx.profileinstaller:profileinstaller:1.3.0] AndroidManifest.xml:25:13-67
244            android:authorities="com.woodpeckerbros.watchreminder.androidx-startup"
244-->[androidx.profileinstaller:profileinstaller:1.3.0] AndroidManifest.xml:26:13-68
245            android:exported="false" >
245-->[androidx.profileinstaller:profileinstaller:1.3.0] AndroidManifest.xml:27:13-37
246            <meta-data
246-->[androidx.profileinstaller:profileinstaller:1.3.0] AndroidManifest.xml:29:13-31:52
247                android:name="androidx.profileinstaller.ProfileInstallerInitializer"
247-->[androidx.profileinstaller:profileinstaller:1.3.0] AndroidManifest.xml:30:17-85
248                android:value="androidx.startup" />
248-->[androidx.profileinstaller:profileinstaller:1.3.0] AndroidManifest.xml:31:17-49
249        </provider>
250
251        <receiver
251-->[androidx.profileinstaller:profileinstaller:1.3.0] AndroidManifest.xml:34:9-52:20
252            android:name="androidx.profileinstaller.ProfileInstallReceiver"
252-->[androidx.profileinstaller:profileinstaller:1.3.0] AndroidManifest.xml:35:13-76
253            android:directBootAware="false"
253-->[androidx.profileinstaller:profileinstaller:1.3.0] AndroidManifest.xml:36:13-44
254            android:enabled="true"
254-->[androidx.profileinstaller:profileinstaller:1.3.0] AndroidManifest.xml:37:13-35
255            android:exported="true"
255-->[androidx.profileinstaller:profileinstaller:1.3.0] AndroidManifest.xml:38:13-36
256            android:permission="android.permission.DUMP" >
256-->[androidx.profileinstaller:profileinstaller:1.3.0] AndroidManifest.xml:39:13-57
257            <intent-filter>
257-->[androidx.profileinstaller:profileinstaller:1.3.0] AndroidManifest.xml:40:13-42:29
258                <action android:name="androidx.profileinstaller.action.INSTALL_PROFILE" />
258-->[androidx.profileinstaller:profileinstaller:1.3.0] AndroidManifest.xml:41:17-91
258-->[androidx.profileinstaller:profileinstaller:1.3.0] AndroidManifest.xml:41:25-88
259            </intent-filter>
260            <intent-filter>
260-->[androidx.profileinstaller:profileinstaller:1.3.0] AndroidManifest.xml:43:13-45:29
261                <action android:name="androidx.profileinstaller.action.SKIP_FILE" />
261-->[androidx.profileinstaller:profileinstaller:1.3.0] AndroidManifest.xml:44:17-85
261-->[androidx.profileinstaller:profileinstaller:1.3.0] AndroidManifest.xml:44:25-82
262            </intent-filter>
263            <intent-filter>
263-->[androidx.profileinstaller:profileinstaller:1.3.0] AndroidManifest.xml:46:13-48:29
264                <action android:name="androidx.profileinstaller.action.SAVE_PROFILE" />
264-->[androidx.profileinstaller:profileinstaller:1.3.0] AndroidManifest.xml:47:17-88
264-->[androidx.profileinstaller:profileinstaller:1.3.0] AndroidManifest.xml:47:25-85
265            </intent-filter>
266            <intent-filter>
266-->[androidx.profileinstaller:profileinstaller:1.3.0] AndroidManifest.xml:49:13-51:29
267                <action android:name="androidx.profileinstaller.action.BENCHMARK_OPERATION" />
267-->[androidx.profileinstaller:profileinstaller:1.3.0] AndroidManifest.xml:50:17-95
267-->[androidx.profileinstaller:profileinstaller:1.3.0] AndroidManifest.xml:50:25-92
268            </intent-filter>
269        </receiver>
270    </application>
271
272</manifest>